indra/build/intermediates/manifest_merge_blame_file/debug/manifest-merger-blame-debug-report.txt
1<?xml version="1.0" encoding="utf-8"?>
2<manifest xmlns:android="http://schemas.android.com/apk/res/android"
3    package="com.agd.indra"
4    android:installLocation="preferExternal"
5    android:versionCode="1"
6    android:versionName="1.0" >
7
8    <uses-sdk
9        android:minSdkVersion="14"
9-->src/main/AndroidManifest.xml
10        android:targetSdkVersion="29" />
10-->src/main/AndroidManifest.xml
11
12    <application
12-->src/main/AndroidManifest.xml:7:5-21:19
13        android:allowBackup="true"
13-->src/main/AndroidManifest.xml:8:9-35
14        android:debuggable="true"
14-->[:andEngine] AndroidManifest.xml:11:18-43
15        android:icon="@drawable/ic_launcher"
15-->src/main/AndroidManifest.xml:9:9-45
16        android:label="@string/app_name"
16-->src/main/AndroidManifest.xml:10:9-41
17        android:testOnly="true"
18        android:theme="@style/AppTheme" >
18-->src/main/AndroidManifest.xml:11:9-40
19        <activity
19-->src/main/AndroidManifest.xml:12:9-20:20
20            android:name="com.agd.indra.MainActivity"
20-->src/main/AndroidManifest.xml:13:13-54
21            android:label="@string/app_name" >
21-->src/main/AndroidManifest.xml:14:13-45
22            <intent-filter>
22-->src/main/AndroidManifest.xml:15:13-19:29
23                <action android:name="android.intent.action.MAIN" />
23-->src/main/AndroidManifest.xml:16:17-69
23-->src/main/AndroidManifest.xml:16:25-66
24
25                <category android:name="android.intent.category.LAUNCHER" />
25-->src/main/AndroidManifest.xml:18:17-77
25-->src/main/AndroidManifest.xml:18:27-74
26            </intent-filter>
27        </activity>
28    </application>
29
30</manifest>